Updating existing tables
Using NEW format
Loading database......
   11 lines read from GRPSUB.CSV
13949 lines read from ITEMS.CSV
  170 lines read from FORTRAN.CSV
  745 lines read from PROCES.CSV
    4 lines read from CONFIG.CSV
      processing file CON_PRO.CSV ...
 1745 lines read from CON_SUB.CSV
17917 lines read from INPUTS.CSV
 INPUTS.CSV sorted
 5249 lines read from OUTPUTS.CSV
 OUTPUTS.CSV sorted
 3040 lines read from OUTPFLX.CSV
 OUTPFLX.CSV sorted
 3884 lines read from STOCHI.CSV
 STOCHI.CSV sorted
  309 lines read from VELOCS.CSV
 VELOCS.CSV sorted
    4 lines read from DISPS.CSV
 DISPS.CSV sorted
   55 lines read from TABLE5.CSV
  439 lines read from old_items.csv
 Decomposing proces.asc                                                                      ......
Process pH_carb   
Process DynDepth  
Process DynSurf   
Process TotDepth  
Process Emersion  
Process Meteo     
Process HeatBal   
Process HeatBal2  
Process SelfCool  
Process MaxMacro  
Process Coverage  
Process DAYRAD    
Process TempMode  
Process Temperatur
Process VarSal    
Process Salinchlor
Process Veloc     
Process ResTim    
Process VertDisp  
Process HorzDisper
Process HDisperVel
Process HDisperAdd
Process Age1      
Process Age2      
Process Age3      
Process Age4      
Process Age5      
Process WFetch    
Process WDepth    
Process Chezy     
Process Wave      
Process CalTau    
Process MACDIS01  
Process MACDIS02  
Process MACDIS03  
Process MACDIS04  
Process MACDIS05  
Process pH_simp   
Process SpecCarb  
Process EXTINABVLP
Process EXTINABVL 
Process ExtPhDVL  
Process Extinc_VLG
Process CalcRad   
Process CalcRadDay
Process Daylength 
Process Reflection
Process DepAve    
Process vtrans    
Process EffMBlo_P 
Process EffMBlo   
Process EffABlo_P 
Process EffABlo   
Process BLOOM_P   
Process BLOOM     
Process Phy_Blo_P 
Process Phy_Blo   
Process MakOOC    
Process MakOOCS1  
Process MakOOCS2  
Process Phy_dyn   
Process S1_Comp   
Process S2_Comp   
Process Compos    
Process DMVolume  
Process EColiMrt  
Process FColiMrt  
Process TColiMrt  
Process EnCocMrt  
Process SaturCO2  
Process RearCO2   
Process AdsPO4AAP 
Process DenSed_NO3
Process DenWat_NO3
Process Nitrif_NH4
Process SaturOXY  
Process RearOXY   
Process VAROXY    
Process BMS1_DetC 
Process BMS2_DetC 
Process BMS1_DetN 
Process BMS2_DetN 
Process BMS1_DetP 
Process BMS2_DetP 
Process BMS1_DetSi
Process BMS2_DetSi
Process BMS1_OOC  
Process BMS2_OOC  
Process BMS1_OON  
Process BMS2_OON  
Process BMS1_OOP  
Process BMS2_OOP  
Process BMS1_OOSi 
Process BMS2_OOSi 
Process Deso_AAPS1
Process Deso_AAPS2
Process BODCOD    
Process DBOD_TEWOR
Process DecFast   
Process DecMedium 
Process DecSlow   
Process DecRefr   
Process DecDOC    
Process DecPOC5   
Process Vivianit  
Process DisSi     
Process SedOXYDem 
Process TF_Green  
Process TF_Diat   
Process DL_Green  
Process DL_Diat   
Process DL_DiatS1 
Process NLGreen   
Process NLDiat    
Process Rad_Green 
Process Rad_Diat  
Process Rad_DiatS1
Process GroMrt_Gre
Process GroMrt_Dia
Process GroMrt_DS1
Process PPrLim    
Process NutUpt_Alg
Process NutRel_Alg
Process NRAlg_S1  
Process OXYMin    
Process CONSELAC  
Process EBULCH4   
Process SaturCH4  
Process VolatCH4  
Process SPECSUD   
Process SPECSUDS1 
Process SPECSUDS2 
Process OXIDSUD   
Process PRECSUL   
Process OXIDCH4   
Process SPECIRON  
Process IRONOX    
Process SULPHOX   
Process IRONRED   
Process PRIRON    
Process CalVS_IM1 
Process CalVS_IM2 
Process CalVS_IM3 
Process CalVS_POC1
Process CalVS_POC2
Process CalVS_POC3
Process CalVS_POC4
Process CalVS_Diat
Process CalVS_Gree
Process CalVSALG  
Process CalVSALG01
Process CalVSALG02
Process CalVSALG03
Process CalVSALG04
Process CalVSALG05
Process CalVSALG06
Process CalVSALG07
Process CalVSALG08
Process CalVSALG09
Process CalVSALG10
Process CalVSALG11
Process CalVSALG12
Process CalVSALG13
Process CalVSALG14
Process CalVSALG15
Process CalVSALG16
Process CalVSALG17
Process CalVSALG18
Process CalVSALG19
Process CalVSALG20
Process CalVSALG21
Process CalVSALG22
Process CalVSALG23
Process CalVSALG24
Process CalVSALG25
Process CalVSALG26
Process CalVSALG27
Process CalVSALG28
Process CalVSALG29
Process CalVSALG30
Process Res_Pickup
Process Res_Buffer
Process Sed_IM1   
Process Sed_IM2   
Process Sed_IM3   
Process SedDiat   
Process Sed_Gre   
Process SEDALG    
Process SEDALG01  
Process SEDALG02  
Process SEDALG03  
Process SEDALG04  
Process SEDALG05  
Process SEDALG06  
Process SEDALG07  
Process SEDALG08  
Process SEDALG09  
Process SEDALG10  
Process SEDALG11  
Process SEDALG12  
Process SEDALG13  
Process SEDALG14  
Process SEDALG15  
Process SEDALG16  
Process SEDALG17  
Process SEDALG18  
Process SEDALG19  
Process SEDALG20  
Process SEDALG21  
Process SEDALG22  
Process SEDALG23  
Process SEDALG24  
Process SEDALG25  
Process SEDALG26  
Process SEDALG27  
Process SEDALG28  
Process SEDALG29  
Process SEDALG30  
Process S_CBOD51  
Process S_CBOD52  
Process S_CBOD53  
Process S_CBODu1  
Process S_CBODu2  
Process S_CODCr   
Process S_CODMn   
Process S_NBOD5   
Process S_NBODu   
Process SED_SOD   
Process SedPhBlo_P
Process SedPhBlo  
Process SedPhDyn  
Process Sed_MPB1  
Process Sed_MPB2  
Process Sed_Opal  
Process Sed_POC1  
Process Sed_POC2  
Process Sed_POC3  
Process Sed_POC4  
Process Sed_POC5  
Process Sed_VivP  
Process Sed_ApatP 
Process Sed_Fe3pa 
Process Sed_Fe3pc 
Process Sed_FeS   
Process Sed_FeS2  
Process Sed_FeCO3 
Process SedNPOC1  
Process SedNPOC2  
Process SedNPOC3  
Process SedNPOC4  
Process SedNPOC5  
Process Sum_Sedim 
Process Sed_AAP   
Process Sed_CAAP  
Process Res_DM    
Process Bur_DM    
Process Dig_DM    
Process S12TraDetC
Process S12TraDetN
Process S12TraDetP
Process S12TraDetS
Process S12TraOOC 
Process S12TraOON 
Process S12TraOOP 
Process S12TraOOSi
Process S12TraDiat
Process ResN_DiaS1
Process ResN_DiaS2
Process S12TraMPB1
Process S12TraMPB2
Process S12TraIM1 
Process S12TraIM2 
Process S12TraIM3 
Process S12TraAAP 
Process AdvTra    
Process DSPTra    
Process RFPART_Cd 
Process RFPART_Cu 
Process RFPART_Pb 
Process RFPART_Zn 
Process RFPART_Hg 
Process RFPART_Ni 
Process RFPART_Cr 
Process RFPART_As 
Process PartWK_Cd 
Process PartWK_Cr 
Process PartWK_Cu 
Process PartWK_Hg 
Process PartWK_Ni 
Process PartWK_Pb 
Process PartWK_As 
Process PartWK_Va 
Process PartWK_Zn 
Process PartS1_Cd 
Process PartS1_Cr 
Process PartS1_Cu 
Process PartS1_Hg 
Process PartS1_Ni 
Process PartS1_Pb 
Process PartS1_As 
Process PartS1_Va 
Process PartS1_Zn 
Process PartS2_Cd 
Process PartS2_Cr 
Process PartS2_Cu 
Process PartS2_Hg 
Process PartS2_Ni 
Process PartS2_Pb 
Process PartS2_As 
Process PartS2_Va 
Process PartS2_Zn 
Process PartS1_153
Process PartS1_Atr
Process PartS1_BaP
Process PartS1_Diu
Process PartS1_Flu
Process PartS1_HCB
Process PartS1_HCH
Process PartS1_Mef
Process PartS2_153
Process PartS2_Atr
Process PartS2_BaP
Process PartS2_Diu
Process PartS2_Flu
Process PartS2_HCB
Process PartS2_HCH
Process PartS2_Mef
Process PartWK_153
Process PartWK_Atr
Process PartWK_BaP
Process PartWK_Diu
Process PartWK_Flu
Process PartWK_HCB
Process PartWK_HCH
Process PartWK_Mef
Process TraSe2_IM1
Process TraSe2_OXY
Process TraSe2_BaP
Process TrSe2_POC1
Process TrSe2_POC2
Process TrSe2_POC3
Process TrSe2_PON1
Process TrSe2_PON2
Process TrSe2_PON3
Process TrSe2_POP1
Process TrSe2_POP2
Process TrSe2_POP3
Process TrSe2_POC4
Process TrSe2_PON4
Process TrSe2_POP4
Process TrSe2_POS1
Process TrSe2_POS2
Process TrSe2_POS3
Process TrSe2_POS4
Process TraSe2_DOC
Process TraSe2_DON
Process TraSe2_DOP
Process TraSe2_DOS
Process TraSe2_NH4
Process TraSe2_PO4
Process TraSe2_NO3
Process TraSe2_SO4
Process TraSe2_CH4
Process TraSe2_SUD
Process TraSe2_SUP
Process TraSe2_IM2
Process TraSe2_IM3
Process TraSe2_Cl 
Process TraSe2_Sal
Process TraSe2_AAP
Process TraSe2_Si 
Process TrSe2_VIVP
Process TrSe2_APAT
Process TrSe2_F3pa
Process TrSe2_F3pc
Process TrSe2_Fe3d
Process TrSe2_Fe2d
Process TrSe2_FeS 
Process TrSe2_FeS2
Process TrSe2_FCO3
Process TrSe2_Opal
Process TraSe2_TIC
Process TrSe2_Alka
Process TrSe2_MPB1
Process TrSe2_MPB2
Process TrSe2Alg01
Process TrSe2Alg02
Process TrSe2Alg03
Process TrSe2Alg04
Process TrSe2Alg05
Process TrSe2Alg06
Process TrSe2Alg07
Process TrSe2Alg08
Process TrSe2Alg09
Process TrSe2Alg10
Process TrSe2Alg11
Process TrSe2Alg12
Process TrSe2Alg13
Process TrSe2Alg14
Process TrSe2Alg15
Process TrSe2Alg16
Process TrSe2Alg17
Process TrSe2Alg18
Process TrSe2Alg19
Process TrSe2Alg20
Process TrSe2Alg21
Process TrSe2Alg22
Process TrSe2Alg23
Process TrSe2Alg24
Process TrSe2Alg25
Process TrSe2Alg26
Process TrSe2Alg27
Process TrSe2Alg28
Process TrSe2Alg29
Process TrSe2Alg30
Process UlvaFix_P 
Process UlvaFix   
Process CONSBL    
Process SwOXYParWK
Process TrCoef_153
Process Volat_153 
Process TrCoef_HCB
Process Volat_HCB 
Process TrCoef_HCH
Process Volat_HCH 
Process TrCoef_Flu
Process Volat_Flu 
Process TrCoef_BaP
Process Volat_BaP 
Process TrCoef_Atr
Process Volat_Atr 
Process TrCoef_Mef
Process Volat_Mef 
Process TrCoef_Diu
Process Volat_Diu 
Process Los_WK_153
Process Los_WK_HCB
Process Los_WK_HCH
Process Los_WK_Flu
Process Los_WK_BaP
Process Los_WK_Atr
Process Los_WK_Mef
Process Los_WK_Diu
Process Los_S1_153
Process Los_S1_HCB
Process Los_S1_HCH
Process Los_S1_Flu
Process Los_S1_BaP
Process Los_S1_Atr
Process Los_S1_Mef
Process Los_S1_Diu
Process Los_S2_153
Process Los_S2_HCB
Process Los_S2_HCH
Process Los_S2_Flu
Process Los_S2_BaP
Process Los_S2_Atr
Process Los_S2_Mef
Process Los_S2_Diu
Process Sed_Cd    
Process Sed_Cu    
Process Sed_Zn    
Process Sed_Hg    
Process Sed_Ni    
Process Sed_Pb    
Process Sed_Cr    
Process Sed_As    
Process Sed_Va    
Process Sed_153   
Process Sed_HCB   
Process Sed_HCH   
Process Sed_Flu   
Process Sed_Bap   
Process Sed_Atr   
Process Sed_Mef   
Process Sed_Diu   
Process S12TraAs  
Process S12TraCd  
Process S12TraCr  
Process S12TraCu  
Process S12TraHg  
Process S12TraNi  
Process S12TraPb  
Process S12TraVa  
Process S12TraZn  
Process S12Tra153 
Process S12TraAtr 
Process S12TraMef 
Process S12TraDiu 
Process S12TraBaP 
Process S12TraOMP 
Process S12TraFlu 
Process S12TraHCB 
Process S12TraHCH 
Process Evap_Conti
Process AtmDep_IM1
Process AtmDep_IM2
Process AtmDep_IM3
Process Dfwast_IM1
Process Dfwast_IM2
Process Dfwast_IM3
Process AtmDep_NH4
Process AtmDep_NO3
Process AtmDep_PO4
Process AtmDep_SO4
Process AtmDep_153
Process AtmDep_HCB
Process AtmDep_HCH
Process AtmDep_Flu
Process AtmDep_Bap
Process AtmDep_Atr
Process AtmDep_Mef
Process AtmDep_Diu
Process AtmDep_Cd 
Process AtmDep_Cu 
Process AtmDep_Zn 
Process AtmDep_Hg 
Process AtmDep_Ni 
Process AtmDep_Pb 
Process AtmDep_Cr 
Process AtmDep_As 
Process AtmDep_Va 
Process Dfwast_NO3
Process Dfwast_NH4
Process Dfwast_PO4
Process Dfwast_Si 
Process Dfwast_SO4
Process Dfwast_153
Process Dfwast_HCB
Process Dfwast_HCH
Process Dfwast_Flu
Process Dfwast_Bap
Process Dfwast_Atr
Process Dfwast_Mef
Process Dfwast_Diu
Process Dfwast_Cd 
Process Dfwast_Cu 
Process Dfwast_Zn 
Process Dfwast_Hg 
Process Dfwast_Ni 
Process Dfwast_Pb 
Process Dfwast_Cr 
Process Dfwast_As 
Process Dfwast_Va 
Process NH3free   
Process PosOXY    
Process Secchi    
Process Prod_TEWOR
Process PartS1_OMP
Process PartS2_OMP
Process PartWK_OMP
Process TrCoef_OMP
Process Volat_OMP 
Process Los_WK_OMP
Process Los_S1_OMP
Process Los_S2_OMP
Process Sed_OMP   
Process AtmDep_OMP
Process Dfwast_OMP
Process TraSe2_OMP
Process Damrear   
Process TRSOXY    
Process APATITE   
Process HarveZoop 
Process HarveMuss 
Process HarveG3   
Process HarveG4   
Process HarveG5   
Process VB01availN
Process VBStatus01
Process VBGrowth01
Process VBMort01  
Process VB01_Mrt3W
Process VB01_Mrt3S
Process VB01Upt   
Process VB01_Upt3D
Process VB02availN
Process VBStatus02
Process VBGrowth02
Process VBMort02  
Process VB02_Mrt3W
Process VB02_Mrt3S
Process VB02Upt   
Process VB02_Upt3D
Process VB03availN
Process VBStatus03
Process VBGrowth03
Process VBMort03  
Process VB03_Mrt3W
Process VB03_Mrt3S
Process VB03Upt   
Process VB03_Upt3D
Process VB04availN
Process VBStatus04
Process VBGrowth04
Process VBMort04  
Process VB04_Mrt3W
Process VB04_Mrt3S
Process VB04Upt   
Process VB04_Upt3D
Process VB05availN
Process VBStatus05
Process VBGrowth05
Process VBMort05  
Process VB05_Mrt3W
Process VB05_Mrt3S
Process VB05Upt   
Process VB05_Upt3D
Process VB06availN
Process VBStatus06
Process VBGrowth06
Process VBMort06  
Process VB06_Mrt3W
Process VB06_Mrt3S
Process VB06Upt   
Process VB06_Upt3D
Process VB07availN
Process VBStatus07
Process VBGrowth07
Process VBMort07  
Process VB07_Mrt3W
Process VB07_Mrt3S
Process VB07Upt   
Process VB07_Upt3D
Process VB08availN
Process VBStatus08
Process VBGrowth08
Process VBMort08  
Process VB08_Mrt3W
Process VB08_Mrt3S
Process VB08Upt   
Process VB08_Upt3D
Process VB09availN
Process VBStatus09
Process VBGrowth09
Process VBMort09  
Process VB09_Mrt3W
Process VB09_Mrt3S
Process VB09Upt   
Process VB09_Upt3D
Process Rad_SM01  
Process Rad_SM02  
Process Rad_SM03  
Process Rad_SM04  
Process Rad_SM05  
Process NPPoreS12 
Process MACNUTSM01
Process MACNUTSM02
Process MACNUTSM03
Process MACNUTSM04
Process MACNUTSM05
Process MacroPhyt1
Process SM01_Upt3D
Process MacroPhyt2
Process SM02_Upt3D
Process MacroPhyt3
Process SM03_Upt3D
Process MacroPhyt4
Process SM04_Upt3D
Process MacroPhyt5
Process SM05_Upt3D
Process GRZMAC01  
Process GRZMACO2  
Process GRZMAC03  
Process GRZMAC04  
Process GRZMAC05  
Process HRVMAC01  
Process HRVMACO2  
Process HRVMAC03  
Process HRVMAC04  
Process HRVMAC05  
Process DEBGRZ_M  
Process DEBGRZ_Z  
Process DEBGRZ_G3 
Process DEBGRZ_G4 
Process DEBGRZ_G5 
Process Dredge    
Process IM_Floceq 
Process AtmDep_Sal
Process AtmDep_Ecl
Process AttribOut 
Process Cascade   
Process Decay1    
Process Decay2    
Process Decay3    
Process Decay4    
Process Decay5    
Process CalTemp   
Process TEO       
Process Virus1Mrt 
Process Virus2Mrt 
Process Virus3Mrt 
Process Vir1S1Mrt 
Process Vir2S1Mrt 
Process Vir3S1Mrt 
Process PartWKVir1
Process PartWKVir2
Process PartWKVir3
Process PartS1Vir1
Process PartS1Vir2
Process PartS1Vir3
Process Sed_Virus1
Process Sed_Virus2
Process Sed_Virus3
Process DELWAQG   
Process MPBNUT    
Process MPB1Temp  
Process MPB2Temp  
Process MPB1LLim  
Process MPB2LLim  
Process MPB1NLim  
Process MPB2NLim  
Process MPBenthos 
Process VB01Procs 
Process VB02Procs 
Process VB03Procs 
Process VB04Procs 
Process VB05Procs 
Process VB06Procs 
Process VB07Procs 
Process VB08Procs 
Process VB09Procs 
Process VBSum     
Process PropSing  
Process PropTagg  
Process htragg    
Process SedTyre   
Process SedTAgg   
Process SumTRWP   
Process ExtinaPro 
Process Prot_PFD  
Process Prot_Dia  
Process ProSedD   
Process Prot_Gre  
Process Prot_CM   
Process Prot_NCM  
Process Prot_Zoo  
Process Phy_Prot  
Process RadioU    
Process RadioCs   
Process RadioSub1 
Process RadioSub2 
Process RadioSub3 
Process AgeCART   
Process IM_Flocdyn
 chksto
 stochi table indexed
  flux dModtemp             2
  check            2
  flux dCaut                2
  check            2
  flux dNaut                2
  check            2
  flux dPaut                2
  check            2
  flux dSIaut               3
  check            2
  check            3
  flux dDetCMort            2
  check            2
  flux dDetNMort            2
  check            2
  flux dDetPMort            2
  check            2
  flux dDetSiMort           2
  check            2
  flux dOOCMort             2
  check            2
  flux dOONMort             2
  check            2
  flux dOOPMort             2
  check            2
  flux dOOSiMort            2
  check            2
  flux dCUpt                2
  check            2
  flux dNH4Upt              3
  check            2
  check            3
  flux dNO3Upt              3
  check            2
  check            3
  flux dPO4Upt              3
  check            2
  check            3
  flux dSIUpt               3
  check            2
  check            3
  flux dDetNUpt             2
  check            2
  flux dDetPUpt             2
  check            2
  flux dDetCUpt             2
  check            2
  flux dPrProdOxy           2
  check            2
  flux dSedPHYT             3
  check            2
  check            3
  flux dSedAlgN             3
  check            2
  check            3
  flux dSedAlgP             3
  check            2
  check            3
  flux dSedAlgSi            3
  check            2
  check            3
  flux dResS1IM1            2
  check            2
  flux dResS1IM2            2
  check            2
  flux dResS1IM3            2
  check            2
  flux dVB01                2
  check            2
  flux dMrtC1VB01           2
  check            2
  flux dMrtC3VB01           2
  check            2
  flux dMrtC4VB01           2
  check            2
  flux dMrtC2VB01           2
  check            2
  flux dMrtC5VB01           2
  check            2
  flux dMC2VB01P1           2
  check            2
  flux dMC2VB01P2           2
  check            2
  flux dMC2VB01P3           2
  check            2
  flux dMN2VB01P1           2
  check            2
  flux dMN2VB01P2           2
  check            2
  flux dMN2VB01P3           2
  check            2
  flux dMP2VB01P1           2
  check            2
  flux dMP2VB01P2           2
  check            2
  flux dMP2VB01P3           2
  check            2
  flux dMS2VB01P1           2
  check            2
  flux dMS2VB01P2           2
  check            2
  flux dMS2VB01P3           2
  check            2
  flux dMC1VB01P5           2
  check            2
  flux dMC3VB01P5           2
  check            2
  flux dMN1VB01P5           2
  check            2
  flux dMN3VB01P5           2
  check            2
  flux dMP1VB01P5           2
  check            2
  flux dMP3VB01P5           2
  check            2
  flux dMS1VB01P5           2
  check            2
  flux dMS3VB01P5           2
  check            2
  flux dVB02                2
  check            2
  flux dMrtC1VB02           2
  check            2
  flux dMrtC3VB02           2
  check            2
  flux dMrtC4VB02           2
  check            2
  flux dMrtC2VB02           2
  check            2
  flux dMrtC5VB02           2
  check            2
  flux dMC2VB02P1           2
  check            2
  flux dMC2VB02P2           2
  check            2
  flux dMC2VB02P3           2
  check            2
  flux dMN2VB02P1           2
  check            2
  flux dMN2VB02P2           2
  check            2
  flux dMN2VB02P3           2
  check            2
  flux dMP2VB02P1           2
  check            2
  flux dMP2VB02P2           2
  check            2
  flux dMP2VB02P3           2
  check            2
  flux dMS2VB02P1           2
  check            2
  flux dMS2VB02P2           2
  check            2
  flux dMS2VB02P3           2
  check            2
  flux dMC1VB02P5           2
  check            2
  flux dMC3VB02P5           2
  check            2
  flux dMN1VB02P5           2
  check            2
  flux dMN3VB02P5           2
  check            2
  flux dMP1VB02P5           2
  check            2
  flux dMP3VB02P5           2
  check            2
  flux dMS1VB02P5           2
  check            2
  flux dMS3VB02P5           2
  check            2
  flux dVB03                2
  check            2
  flux dMrtC1VB03           2
  check            2
  flux dMrtC3VB03           2
  check            2
  flux dMrtC4VB03           2
  check            2
  flux dMrtC2VB03           2
  check            2
  flux dMrtC5VB03           2
  check            2
  flux dMC2VB03P1           2
  check            2
  flux dMC2VB03P2           2
  check            2
  flux dMC2VB03P3           2
  check            2
  flux dMN2VB03P1           2
  check            2
  flux dMN2VB03P2           2
  check            2
  flux dMN2VB03P3           2
  check            2
  flux dMP2VB03P1           2
  check            2
  flux dMP2VB03P2           2
  check            2
  flux dMP2VB03P3           2
  check            2
  flux dMS2VB03P1           2
  check            2
  flux dMS2VB03P2           2
  check            2
  flux dMS2VB03P3           2
  check            2
  flux dMC1VB03P5           2
  check            2
  flux dMC3VB03P5           2
  check            2
  flux dMN1VB03P5           2
  check            2
  flux dMN3VB03P5           2
  check            2
  flux dMP1VB03P5           2
  check            2
  flux dMP3VB03P5           2
  check            2
  flux dMS1VB03P5           2
  check            2
  flux dMS3VB03P5           2
  check            2
  flux dVB04                2
  check            2
  flux dMrtC1VB04           2
  check            2
  flux dMrtC3VB04           2
  check            2
  flux dMrtC4VB04           2
  check            2
  flux dMrtC2VB04           2
  check            2
  flux dMrtC5VB04           2
  check            2
  flux dMC2VB04P1           2
  check            2
  flux dMC2VB04P2           2
  check            2
  flux dMC2VB04P3           2
  check            2
  flux dMN2VB04P1           2
  check            2
  flux dMN2VB04P2           2
  check            2
  flux dMN2VB04P3           2
  check            2
  flux dMP2VB04P1           2
  check            2
  flux dMP2VB04P2           2
  check            2
  flux dMP2VB04P3           2
  check            2
  flux dMS2VB04P1           2
  check            2
  flux dMS2VB04P2           2
  check            2
  flux dMS2VB04P3           2
  check            2
  flux dMC1VB04P5           2
  check            2
  flux dMC3VB04P5           2
  check            2
  flux dMN1VB04P5           2
  check            2
  flux dMN3VB04P5           2
  check            2
  flux dMP1VB04P5           2
  check            2
  flux dMP3VB04P5           2
  check            2
  flux dMS1VB04P5           2
  check            2
  flux dMS3VB04P5           2
  check            2
  flux dVB05                2
  check            2
  flux dMrtC1VB05           2
  check            2
  flux dMrtC3VB05           2
  check            2
  flux dMrtC4VB05           2
  check            2
  flux dMrtC2VB05           2
  check            2
  flux dMrtC5VB05           2
  check            2
  flux dMC2VB05P1           2
  check            2
  flux dMC2VB05P2           2
  check            2
  flux dMC2VB05P3           2
  check            2
  flux dMN2VB05P1           2
  check            2
  flux dMN2VB05P2           2
  check            2
  flux dMN2VB05P3           2
  check            2
  flux dMP2VB05P1           2
  check            2
  flux dMP2VB05P2           2
  check            2
  flux dMP2VB05P3           2
  check            2
  flux dMS2VB05P1           2
  check            2
  flux dMS2VB05P2           2
  check            2
  flux dMS2VB05P3           2
  check            2
  flux dMC1VB05P5           2
  check            2
  flux dMC3VB05P5           2
  check            2
  flux dMN1VB05P5           2
  check            2
  flux dMN3VB05P5           2
  check            2
  flux dMP1VB05P5           2
  check            2
  flux dMP3VB05P5           2
  check            2
  flux dMS1VB05P5           2
  check            2
  flux dMS3VB05P5           2
  check            2
  flux dVB06                2
  check            2
  flux dMrtC1VB06           2
  check            2
  flux dMrtC3VB06           2
  check            2
  flux dMrtC4VB06           2
  check            2
  flux dMrtC2VB06           2
  check            2
  flux dMrtC5VB06           2
  check            2
  flux dMC2VB06P1           2
  check            2
  flux dMC2VB06P2           2
  check            2
  flux dMC2VB06P3           2
  check            2
  flux dMN2VB06P1           2
  check            2
  flux dMN2VB06P2           2
  check            2
  flux dMN2VB06P3           2
  check            2
  flux dMP2VB06P1           2
  check            2
  flux dMP2VB06P2           2
  check            2
  flux dMP2VB06P3           2
  check            2
  flux dMS2VB06P1           2
  check            2
  flux dMS2VB06P2           2
  check            2
  flux dMS2VB06P3           2
  check            2
  flux dMC1VB06P5           2
  check            2
  flux dMC3VB06P5           2
  check            2
  flux dMN1VB06P5           2
  check            2
  flux dMN3VB06P5           2
  check            2
  flux dMP1VB06P5           2
  check            2
  flux dMP3VB06P5           2
  check            2
  flux dMS1VB06P5           2
  check            2
  flux dMS3VB06P5           2
  check            2
  flux dVB07                2
  check            2
  flux dMrtC1VB07           2
  check            2
  flux dMrtC3VB07           2
  check            2
  flux dMrtC4VB07           2
  check            2
  flux dMrtC2VB07           2
  check            2
  flux dMrtC5VB07           2
  check            2
  flux dMC2VB07P1           2
  check            2
  flux dMC2VB07P2           2
  check            2
  flux dMC2VB07P3           2
  check            2
  flux dMN2VB07P1           2
  check            2
  flux dMN2VB07P2           2
  check            2
  flux dMN2VB07P3           2
  check            2
  flux dMP2VB07P1           2
  check            2
  flux dMP2VB07P2           2
  check            2
  flux dMP2VB07P3           2
  check            2
  flux dMS2VB07P1           2
  check            2
  flux dMS2VB07P2           2
  check            2
  flux dMS2VB07P3           2
  check            2
  flux dMC1VB07P5           2
  check            2
  flux dMC3VB07P5           2
  check            2
  flux dMN1VB07P5           2
  check            2
  flux dMN3VB07P5           2
  check            2
  flux dMP1VB07P5           2
  check            2
  flux dMP3VB07P5           2
  check            2
  flux dMS1VB07P5           2
  check            2
  flux dMS3VB07P5           2
  check            2
  flux dVB08                2
  check            2
  flux dMrtC1VB08           2
  check            2
  flux dMrtC3VB08           2
  check            2
  flux dMrtC4VB08           2
  check            2
  flux dMrtC2VB08           2
  check            2
  flux dMrtC5VB08           2
  check            2
  flux dMC2VB08P1           2
  check            2
  flux dMC2VB08P2           2
  check            2
  flux dMC2VB08P3           2
  check            2
  flux dMN2VB08P1           2
  check            2
  flux dMN2VB08P2           2
  check            2
  flux dMN2VB08P3           2
  check            2
  flux dMP2VB08P1           2
  check            2
  flux dMP2VB08P2           2
  check            2
  flux dMP2VB08P3           2
  check            2
  flux dMS2VB08P1           2
  check            2
  flux dMS2VB08P2           2
  check            2
  flux dMS2VB08P3           2
  check            2
  flux dMC1VB08P5           2
  check            2
  flux dMC3VB08P5           2
  check            2
  flux dMN1VB08P5           2
  check            2
  flux dMN3VB08P5           2
  check            2
  flux dMP1VB08P5           2
  check            2
  flux dMP3VB08P5           2
  check            2
  flux dMS1VB08P5           2
  check            2
  flux dMS3VB08P5           2
  check            2
  flux dVB09                2
  check            2
  flux dMrtC1VB09           2
  check            2
  flux dMrtC3VB09           2
  check            2
  flux dMrtC4VB09           2
  check            2
  flux dMrtC2VB09           2
  check            2
  flux dMrtC5VB09           2
  check            2
  flux dMC2VB09P1           2
  check            2
  flux dMC2VB09P2           2
  check            2
  flux dMC2VB09P3           2
  check            2
  flux dMN2VB09P1           2
  check            2
  flux dMN2VB09P2           2
  check            2
  flux dMN2VB09P3           2
  check            2
  flux dMP2VB09P1           2
  check            2
  flux dMP2VB09P2           2
  check            2
  flux dMP2VB09P3           2
  check            2
  flux dMS2VB09P1           2
  check            2
  flux dMS2VB09P2           2
  check            2
  flux dMS2VB09P3           2
  check            2
  flux dMC1VB09P5           2
  check            2
  flux dMC3VB09P5           2
  check            2
  flux dMN1VB09P5           2
  check            2
  flux dMN3VB09P5           2
  check            2
  flux dMP1VB09P5           2
  check            2
  flux dMP3VB09P5           2
  check            2
  flux dMS1VB09P5           2
  check            2
  flux dMS3VB09P5           2
  check            2
  flux dRIM1S2Pup           2
  check            2
  flux dRIM2S2Pup           2
  check            2
  flux dRIM3S2Pup           2
  check            2
  flux dFlocIM1             2
  check            2
  flux dFlocIM2             2
  check            2
  flux dM_Pom               2
  check            2
  flux dM_Pca               2
  check            2
  flux dZ_Pom               2
  check            2
  flux dZ_Pca               2
  check            2
  flux dG3_Pom              2
  check            2
  flux dG3_Pca              2
  check            2
  flux dG4_Pom              2
  check            2
  flux dG4_Pca              2
  check            2
  flux dG5_Pom              2
  check            2
  flux dG5_Pca              2
  check            2
 chksto
 stochi table indexed
 chksto
 stochi table indexed
